2017-01-30 13:49:35,061 [INFO] from play.core.server.NettyServer in pool-29-thread-4 - Listening for HTTP on /0:0:0:0:0:0:0:0:9000
2017-01-30 13:49:40,410 [WARN] from application in ForkJoinPool-2-worker-1 - application.conf @ file:/C:/WebDev/workspace/RookieCards/target/scala-2.10/classes/application.conf: 35: user is deprecated, use username instead
2017-01-30 13:49:40,420 [INFO] from application in ForkJoinPool-2-worker-1 - Creating Pool for datasource 'default'
2017-01-30 13:49:41,138 [INFO] from play.api.db.DefaultDBApi in ForkJoinPool-2-worker-1 - Database [default] connected at jdbc:mysql://localhost/rookiecards?characterEncoding=UTF-8
2017-01-30 13:49:42,292 [ERROR] from application in New I/O worker #1 - 

! @72pjgk8pp - Internal server error, for (GET) [/] ->
 
play.api.db.evolutions.InvalidDatabaseRevision: Database 'default' needs evolution![An SQL script need to be run on your database.]
	at play.api.db.evolutions.ApplicationEvolutions$$anonfun$play$api$db$evolutions$ApplicationEvolutions$$runEvolutions$1.apply$mcV$sp(ApplicationEvolutions.scala:76) ~[play-jdbc-evolutions_2.10-2.4.0.jar:2.4.0]
	at play.api.db.evolutions.ApplicationEvolutions.withLock(ApplicationEvolutions.scala:98) ~[play-jdbc-evolutions_2.10-2.4.0.jar:2.4.0]
	at play.api.db.evolutions.ApplicationEvolutions.play$api$db$evolutions$ApplicationEvolutions$$runEvolutions(ApplicationEvolutions.scala:49) ~[play-jdbc-evolutions_2.10-2.4.0.jar:2.4.0]
	at play.api.db.evolutions.ApplicationEvolutions$$anonfun$start$1.apply(ApplicationEvolutions.scala:42) ~[play-jdbc-evolutions_2.10-2.4.0.jar:2.4.0]
	at play.api.db.evolutions.ApplicationEvolutions$$anonfun$start$1.apply(ApplicationEvolutions.scala:42) ~[play-jdbc-evolutions_2.10-2.4.0.jar:2.4.0]
	at scala.collection.immutable.List.foreach(List.scala:318) ~[scala-library.jar:na]
	at play.api.db.evolutions.ApplicationEvolutions.start(ApplicationEvolutions.scala:42) ~[play-jdbc-evolutions_2.10-2.4.0.jar:2.4.0]
	at play.api.db.evolutions.ApplicationEvolutions.<init>(ApplicationEvolutions.scala:149) ~[play-jdbc-evolutions_2.10-2.4.0.jar:2.4.0]
	at play.api.db.evolutions.ApplicationEvolutionsProvider.get$lzycompute(EvolutionsModule.scala:53) ~[play-jdbc-evolutions_2.10-2.4.0.jar:2.4.0]
	at play.api.db.evolutions.ApplicationEvolutionsProvider.get(EvolutionsModule.scala:53) ~[play-jdbc-evolutions_2.10-2.4.0.jar:2.4.0]
	at play.api.db.evolutions.ApplicationEvolutionsProvider.get(EvolutionsModule.scala:44) ~[play-jdbc-evolutions_2.10-2.4.0.jar:2.4.0]
	at com.google.inject.internal.ProviderInternalFactory.provision(ProviderInternalFactory.java:81) ~[guice.jar:na]
	at com.google.inject.internal.BoundProviderFactory.provision(BoundProviderFactory.java:72) ~[guice.jar:na]
	at com.google.inject.internal.ProviderInternalFactory.circularGet(ProviderInternalFactory.java:61) ~[guice.jar:na]
	at com.google.inject.internal.BoundProviderFactory.get(BoundProviderFactory.java:62) ~[guice.jar:na]
	at com.google.inject.internal.ProviderToInternalFactoryAdapter$1.call(ProviderToInternalFactoryAdapter.java:46) ~[guice.jar:na]
	at com.google.inject.internal.InjectorImpl.callInContext(InjectorImpl.java:1103) ~[guice.jar:na]
	at com.google.inject.internal.ProviderToInternalFactoryAdapter.get(ProviderToInternalFactoryAdapter.java:40) ~[guice.jar:na]
	at com.google.inject.internal.SingletonScope$1.get(SingletonScope.java:145) ~[guice.jar:na]
	at com.google.inject.internal.InternalFactoryToProviderAdapter.get(InternalFactoryToProviderAdapter.java:41) ~[guice.jar:na]
	at com.google.inject.internal.InternalInjectorCreator$1.call(InternalInjectorCreator.java:205) ~[guice.jar:na]
	at com.google.inject.internal.InternalInjectorCreator$1.call(InternalInjectorCreator.java:199) ~[guice.jar:na]
	at com.google.inject.internal.InjectorImpl.callInContext(InjectorImpl.java:1092) ~[guice.jar:na]
	at com.google.inject.internal.InternalInjectorCreator.loadEagerSingletons(InternalInjectorCreator.java:199) ~[guice.jar:na]
	at com.google.inject.internal.InternalInjectorCreator.injectDynamically(InternalInjectorCreator.java:180) ~[guice.jar:na]
	at com.google.inject.internal.InternalInjectorCreator.build(InternalInjectorCreator.java:110) ~[guice.jar:na]
	at com.google.inject.Guice.createInjector(Guice.java:96) ~[guice.jar:na]
	at com.google.inject.Guice.createInjector(Guice.java:73) ~[guice.jar:na]
	at com.google.inject.Guice.createInjector(Guice.java:62) ~[guice.jar:na]
	at play.api.inject.guice.GuiceBuilder.injector(GuiceInjectorBuilder.scala:126) ~[play_2.10-2.4.6.jar:2.4.6]
	at play.api.inject.guice.GuiceApplicationBuilder.build(GuiceApplicationBuilder.scala:93) ~[play_2.10-2.4.6.jar:2.4.6]
	at play.api.inject.guice.GuiceApplicationLoader.load(GuiceApplicationLoader.scala:21) ~[play_2.10-2.4.6.jar:2.4.6]
	at play.core.server.DevServerStart$$anonfun$mainDev$1$$anon$1$$anonfun$get$1$$anonfun$apply$1$$anonfun$1$$anonfun$2.apply(DevServerStart.scala:153) ~[play-server_2.10-2.4.6.jar:2.4.6]
	at play.core.server.DevServerStart$$anonfun$mainDev$1$$anon$1$$anonfun$get$1$$anonfun$apply$1$$anonfun$1$$anonfun$2.apply(DevServerStart.scala:150) ~[play-server_2.10-2.4.6.jar:2.4.6]
	at play.utils.Threads$.withContextClassLoader(Threads.scala:21) ~[play_2.10-2.4.6.jar:2.4.6]
	at play.core.server.DevServerStart$$anonfun$mainDev$1$$anon$1$$anonfun$get$1$$anonfun$apply$1$$anonfun$1.apply(DevServerStart.scala:150) ~[play-server_2.10-2.4.6.jar:2.4.6]
	at play.core.server.DevServerStart$$anonfun$mainDev$1$$anon$1$$anonfun$get$1$$anonfun$apply$1$$anonfun$1.apply(DevServerStart.scala:121) ~[play-server_2.10-2.4.6.jar:2.4.6]
	at scala.Option.map(Option.scala:145) ~[scala-library.jar:na]
	at play.core.server.DevServerStart$$anonfun$mainDev$1$$anon$1$$anonfun$get$1$$anonfun$apply$1.apply(DevServerStart.scala:121) ~[play-server_2.10-2.4.6.jar:2.4.6]
	at play.core.server.DevServerStart$$anonfun$mainDev$1$$anon$1$$anonfun$get$1$$anonfun$apply$1.apply(DevServerStart.scala:119) ~[play-server_2.10-2.4.6.jar:2.4.6]
	at scala.util.Success.flatMap(Try.scala:200) ~[scala-library.jar:na]
	at play.core.server.DevServerStart$$anonfun$mainDev$1$$anon$1$$anonfun$get$1.apply(DevServerStart.scala:119) ~[play-server_2.10-2.4.6.jar:2.4.6]
	at play.core.server.DevServerStart$$anonfun$mainDev$1$$anon$1$$anonfun$get$1.apply(DevServerStart.scala:111) ~[play-server_2.10-2.4.6.jar:2.4.6]
	at scala.concurrent.impl.Future$PromiseCompletingRunnable.liftedTree1$1(Future.scala:24) ~[scala-library.jar:na]
	at scala.concurrent.impl.Future$PromiseCompletingRunnable.run(Future.scala:24) ~[scala-library.jar:na]
	at java.util.concurrent.ForkJoinTask$RunnableExecuteAction.exec(ForkJoinTask.java:1402) ~[na:1.8.0_101]
	at java.util.concurrent.ForkJoinTask.doExec(ForkJoinTask.java:289) ~[na:1.8.0_101]
	at java.util.concurrent.ForkJoinPool$WorkQueue.runTask(ForkJoinPool.java:1056) ~[na:1.8.0_101]
	at java.util.concurrent.ForkJoinPool.runWorker(ForkJoinPool.java:1692) ~[na:1.8.0_101]
	at java.util.concurrent.ForkJoinWorkerThread.run(ForkJoinWorkerThread.java:157) ~[na:1.8.0_101]
2017-01-30 13:50:06,380 [WARN] from application in ForkJoinPool-2-worker-2 - application.conf @ file:/C:/WebDev/workspace/RookieCards/target/scala-2.10/classes/application.conf: 35: user is deprecated, use username instead
2017-01-30 13:50:06,381 [INFO] from application in ForkJoinPool-2-worker-2 - Creating Pool for datasource 'default'
2017-01-30 13:50:06,391 [INFO] from play.api.db.DefaultDBApi in ForkJoinPool-2-worker-2 - Database [default] connected at jdbc:mysql://localhost/rookiecards?characterEncoding=UTF-8
2017-01-30 13:50:07,253 [INFO] from play.api.Play in ForkJoinPool-2-worker-2 - Application started (Dev)
2017-01-30 13:50:42,604 [ERROR] from play.core.server.netty.PlayDefaultUpstreamHandler in application-akka.actor.default-dispatcher-12 - Cannot invoke the action
java.lang.RuntimeException: java.lang.reflect.InvocationTargetException
	at play.data.Form.bind(Form.java:425) ~[play-java_2.10-2.4.6.jar:2.4.6]
	at play.data.Form.bindFromRequest(Form.java:222) ~[play-java_2.10-2.4.6.jar:2.4.6]
	at controllers.Application.authenticate(Application.java:404) ~[classes/:na]
	at router.Routes$$anonfun$routes$1$$anonfun$applyOrElse$7$$anonfun$apply$7.apply(Routes.scala:1123) ~[classes/:na]
	at router.Routes$$anonfun$routes$1$$anonfun$applyOrElse$7$$anonfun$apply$7.apply(Routes.scala:1123) ~[classes/:na]
	at play.core.routing.HandlerInvokerFactory$$anon$4.resultCall(HandlerInvoker.scala:136) ~[play_2.10-2.4.6.jar:2.4.6]
	at play.core.routing.HandlerInvokerFactory$JavaActionInvokerFactory$$anon$14$$anon$3$$anon$1.invocation(HandlerInvoker.scala:127) ~[play_2.10-2.4.6.jar:2.4.6]
	at play.core.j.JavaAction$$anon$1.call(JavaAction.scala:70) ~[play_2.10-2.4.6.jar:2.4.6]
	at play.http.DefaultHttpRequestHandler$1.call(DefaultHttpRequestHandler.java:20) ~[play_2.10-2.4.6.jar:2.4.6]
	at play.core.j.JavaAction$$anonfun$7.apply(JavaAction.scala:94) ~[play_2.10-2.4.6.jar:2.4.6]
	at play.core.j.JavaAction$$anonfun$7.apply(JavaAction.scala:94) ~[play_2.10-2.4.6.jar:2.4.6]
	at scala.concurrent.impl.Future$PromiseCompletingRunnable.liftedTree1$1(Future.scala:24) ~[scala-library.jar:na]
	at scala.concurrent.impl.Future$PromiseCompletingRunnable.run(Future.scala:24) ~[scala-library.jar:na]
	at play.core.j.HttpExecutionContext$$anon$2.run(HttpExecutionContext.scala:40) ~[play_2.10-2.4.6.jar:2.4.6]
	at play.api.libs.iteratee.Execution$trampoline$.execute(Execution.scala:70) ~[play-iteratees_2.10-2.4.6.jar:2.4.6]
	at play.core.j.HttpExecutionContext.execute(HttpExecutionContext.scala:32) ~[play_2.10-2.4.6.jar:2.4.6]
	at scala.concurrent.impl.Future$.apply(Future.scala:31) ~[scala-library.jar:na]
	at scala.concurrent.Future$.apply(Future.scala:485) ~[scala-library.jar:na]
	at play.core.j.JavaAction.apply(JavaAction.scala:94) ~[play_2.10-2.4.6.jar:2.4.6]
	at play.api.mvc.Action$$anonfun$apply$1$$anonfun$apply$4$$anonfun$apply$5.apply(Action.scala:105) ~[play_2.10-2.4.6.jar:2.4.6]
	at play.api.mvc.Action$$anonfun$apply$1$$anonfun$apply$4$$anonfun$apply$5.apply(Action.scala:105) ~[play_2.10-2.4.6.jar:2.4.6]
	at play.utils.Threads$.withContextClassLoader(Threads.scala:21) ~[play_2.10-2.4.6.jar:2.4.6]
	at play.api.mvc.Action$$anonfun$apply$1$$anonfun$apply$4.apply(Action.scala:104) ~[play_2.10-2.4.6.jar:2.4.6]
	at play.api.mvc.Action$$anonfun$apply$1$$anonfun$apply$4.apply(Action.scala:103) ~[play_2.10-2.4.6.jar:2.4.6]
	at scala.Option.map(Option.scala:145) ~[scala-library.jar:na]
	at play.api.mvc.Action$$anonfun$apply$1.apply(Action.scala:103) ~[play_2.10-2.4.6.jar:2.4.6]
	at play.api.mvc.Action$$anonfun$apply$1.apply(Action.scala:96) ~[play_2.10-2.4.6.jar:2.4.6]
	at play.api.libs.iteratee.Iteratee$$anonfun$mapM$1.apply(Iteratee.scala:524) ~[play-iteratees_2.10-2.4.6.jar:2.4.6]
	at play.api.libs.iteratee.Iteratee$$anonfun$mapM$1.apply(Iteratee.scala:524) ~[play-iteratees_2.10-2.4.6.jar:2.4.6]
	at play.api.libs.iteratee.Iteratee$$anonfun$flatMapM$1.apply(Iteratee.scala:560) ~[play-iteratees_2.10-2.4.6.jar:2.4.6]
	at play.api.libs.iteratee.Iteratee$$anonfun$flatMapM$1.apply(Iteratee.scala:560) ~[play-iteratees_2.10-2.4.6.jar:2.4.6]
	at play.api.libs.iteratee.Iteratee$$anonfun$flatMap$1$$anonfun$apply$14.apply(Iteratee.scala:537) ~[play-iteratees_2.10-2.4.6.jar:2.4.6]
	at play.api.libs.iteratee.Iteratee$$anonfun$flatMap$1$$anonfun$apply$14.apply(Iteratee.scala:537) ~[play-iteratees_2.10-2.4.6.jar:2.4.6]
	at scala.concurrent.impl.Future$PromiseCompletingRunnable.liftedTree1$1(Future.scala:24) ~[scala-library.jar:na]
	at scala.concurrent.impl.Future$PromiseCompletingRunnable.run(Future.scala:24) ~[scala-library.jar:na]
	at akka.dispatch.TaskInvocation.run(AbstractDispatcher.scala:40) [akka-actor_2.10-2.3.13.jar:na]
	at akka.dispatch.ForkJoinExecutorConfigurator$AkkaForkJoinTask.exec(AbstractDispatcher.scala:397) [akka-actor_2.10-2.3.13.jar:na]
	at scala.concurrent.forkjoin.ForkJoinTask.doExec(ForkJoinTask.java:260) [scala-library.jar:na]
	at scala.concurrent.forkjoin.ForkJoinPool$WorkQueue.runTask(ForkJoinPool.java:1339) [scala-library.jar:na]
	at scala.concurrent.forkjoin.ForkJoinPool.runWorker(ForkJoinPool.java:1979) [scala-library.jar:na]
	at scala.concurrent.forkjoin.ForkJoinWorkerThread.run(ForkJoinWorkerThread.java:107) [scala-library.jar:na]
Caused by: java.lang.reflect.InvocationTargetException: null
	at sun.reflect.NativeMethodAccessorImpl.invoke0(Native Method) ~[na:1.8.0_101]
	at sun.reflect.NativeMethodAccessorImpl.invoke(NativeMethodAccessorImpl.java:62) ~[na:1.8.0_101]
	at sun.reflect.DelegatingMethodAccessorImpl.invoke(DelegatingMethodAccessorImpl.java:43) ~[na:1.8.0_101]
	at java.lang.reflect.Method.invoke(Method.java:498) ~[na:1.8.0_101]
	at play.data.Form.bind(Form.java:422) ~[play-java_2.10-2.4.6.jar:2.4.6]
	... 40 common frames omitted
Caused by: java.lang.NullPointerException: null
	at managers.SessionData.createFromUser(SessionData.java:30) ~[classes/:na]
	at controllers.helpers.AccessMiddleware.createUserSession(AccessMiddleware.java:112) ~[classes/:na]
	at controllers.Application$Login.validate(Application.java:213) ~[classes/:na]
	... 45 common frames omitted
2017-01-30 13:50:42,614 [ERROR] from application in application-akka.actor.default-dispatcher-12 - 

! @72pjgnkbg - Internal server error, for (POST) [/auth] ->
 
play.api.http.HttpErrorHandlerExceptions$$anon$1: Execution exception[[RuntimeException: java.lang.reflect.InvocationTargetException]]
	at play.api.http.HttpErrorHandlerExceptions$.throwableToUsefulException(HttpErrorHandler.scala:265) ~[play_2.10-2.4.6.jar:2.4.6]
	at play.api.http.DefaultHttpErrorHandler.onServerError(HttpErrorHandler.scala:191) ~[play_2.10-2.4.6.jar:2.4.6]
	at play.api.GlobalSettings$class.onError(GlobalSettings.scala:179) [play_2.10-2.4.6.jar:2.4.6]
	at play.api.DefaultGlobal$.onError(GlobalSettings.scala:212) [play_2.10-2.4.6.jar:2.4.6]
	at play.api.http.GlobalSettingsHttpErrorHandler.onServerError(HttpErrorHandler.scala:94) [play_2.10-2.4.6.jar:2.4.6]
	at play.core.server.netty.PlayDefaultUpstreamHandler$$anonfun$3.applyOrElse(PlayDefaultUpstreamHandler.scala:266) [play-netty-server_2.10-2.4.6.jar:2.4.6]
	at play.core.server.netty.PlayDefaultUpstreamHandler$$anonfun$3.applyOrElse(PlayDefaultUpstreamHandler.scala:262) [play-netty-server_2.10-2.4.6.jar:2.4.6]
	at scala.concurrent.Future$$anonfun$recoverWith$1.apply(Future.scala:344) [scala-library.jar:na]
	at scala.concurrent.Future$$anonfun$recoverWith$1.apply(Future.scala:343) [scala-library.jar:na]
	at scala.concurrent.impl.CallbackRunnable.run(Promise.scala:32) [scala-library.jar:na]
	at play.api.libs.iteratee.Execution$trampoline$.executeScheduled(Execution.scala:109) [play-iteratees_2.10-2.4.6.jar:2.4.6]
	at play.api.libs.iteratee.Execution$trampoline$.execute(Execution.scala:71) [play-iteratees_2.10-2.4.6.jar:2.4.6]
	at scala.concurrent.impl.CallbackRunnable.executeWithValue(Promise.scala:40) [scala-library.jar:na]
	at scala.concurrent.impl.Promise$DefaultPromise.tryComplete(Promise.scala:248) [scala-library.jar:na]
	at scala.concurrent.Promise$class.complete(Promise.scala:55) [scala-library.jar:na]
	at scala.concurrent.impl.Promise$DefaultPromise.complete(Promise.scala:153) [scala-library.jar:na]
	at scala.concurrent.impl.Future$PromiseCompletingRunnable.run(Future.scala:23) [scala-library.jar:na]
	at akka.dispatch.TaskInvocation.run(AbstractDispatcher.scala:40) [akka-actor_2.10-2.3.13.jar:na]
	at akka.dispatch.ForkJoinExecutorConfigurator$AkkaForkJoinTask.exec(AbstractDispatcher.scala:397) [akka-actor_2.10-2.3.13.jar:na]
	at scala.concurrent.forkjoin.ForkJoinTask.doExec(ForkJoinTask.java:260) [scala-library.jar:na]
	at scala.concurrent.forkjoin.ForkJoinPool$WorkQueue.runTask(ForkJoinPool.java:1339) [scala-library.jar:na]
	at scala.concurrent.forkjoin.ForkJoinPool.runWorker(ForkJoinPool.java:1979) [scala-library.jar:na]
	at scala.concurrent.forkjoin.ForkJoinWorkerThread.run(ForkJoinWorkerThread.java:107) [scala-library.jar:na]
Caused by: java.lang.RuntimeException: java.lang.reflect.InvocationTargetException
	at play.data.Form.bind(Form.java:425) ~[play-java_2.10-2.4.6.jar:2.4.6]
	at play.data.Form.bindFromRequest(Form.java:222) ~[play-java_2.10-2.4.6.jar:2.4.6]
	at controllers.Application.authenticate(Application.java:404) ~[classes/:na]
	at router.Routes$$anonfun$routes$1$$anonfun$applyOrElse$7$$anonfun$apply$7.apply(Routes.scala:1123) ~[classes/:na]
	at router.Routes$$anonfun$routes$1$$anonfun$applyOrElse$7$$anonfun$apply$7.apply(Routes.scala:1123) ~[classes/:na]
	at play.core.routing.HandlerInvokerFactory$$anon$4.resultCall(HandlerInvoker.scala:136) ~[play_2.10-2.4.6.jar:2.4.6]
	at play.core.routing.HandlerInvokerFactory$JavaActionInvokerFactory$$anon$14$$anon$3$$anon$1.invocation(HandlerInvoker.scala:127) ~[play_2.10-2.4.6.jar:2.4.6]
	at play.core.j.JavaAction$$anon$1.call(JavaAction.scala:70) ~[play_2.10-2.4.6.jar:2.4.6]
	at play.http.DefaultHttpRequestHandler$1.call(DefaultHttpRequestHandler.java:20) ~[play_2.10-2.4.6.jar:2.4.6]
	at play.core.j.JavaAction$$anonfun$7.apply(JavaAction.scala:94) ~[play_2.10-2.4.6.jar:2.4.6]
	at play.core.j.JavaAction$$anonfun$7.apply(JavaAction.scala:94) ~[play_2.10-2.4.6.jar:2.4.6]
	at scala.concurrent.impl.Future$PromiseCompletingRunnable.liftedTree1$1(Future.scala:24) [scala-library.jar:na]
	at scala.concurrent.impl.Future$PromiseCompletingRunnable.run(Future.scala:24) [scala-library.jar:na]
	at play.core.j.HttpExecutionContext$$anon$2.run(HttpExecutionContext.scala:40) ~[play_2.10-2.4.6.jar:2.4.6]
	at play.api.libs.iteratee.Execution$trampoline$.execute(Execution.scala:70) [play-iteratees_2.10-2.4.6.jar:2.4.6]
	at play.core.j.HttpExecutionContext.execute(HttpExecutionContext.scala:32) ~[play_2.10-2.4.6.jar:2.4.6]
	at scala.concurrent.impl.Future$.apply(Future.scala:31) ~[scala-library.jar:na]
	at scala.concurrent.Future$.apply(Future.scala:485) ~[scala-library.jar:na]
	at play.core.j.JavaAction.apply(JavaAction.scala:94) ~[play_2.10-2.4.6.jar:2.4.6]
	at play.api.mvc.Action$$anonfun$apply$1$$anonfun$apply$4$$anonfun$apply$5.apply(Action.scala:105) ~[play_2.10-2.4.6.jar:2.4.6]
	at play.api.mvc.Action$$anonfun$apply$1$$anonfun$apply$4$$anonfun$apply$5.apply(Action.scala:105) ~[play_2.10-2.4.6.jar:2.4.6]
	at play.utils.Threads$.withContextClassLoader(Threads.scala:21) ~[play_2.10-2.4.6.jar:2.4.6]
	at play.api.mvc.Action$$anonfun$apply$1$$anonfun$apply$4.apply(Action.scala:104) ~[play_2.10-2.4.6.jar:2.4.6]
	at play.api.mvc.Action$$anonfun$apply$1$$anonfun$apply$4.apply(Action.scala:103) ~[play_2.10-2.4.6.jar:2.4.6]
	at scala.Option.map(Option.scala:145) ~[scala-library.jar:na]
	at play.api.mvc.Action$$anonfun$apply$1.apply(Action.scala:103) ~[play_2.10-2.4.6.jar:2.4.6]
	at play.api.mvc.Action$$anonfun$apply$1.apply(Action.scala:96) ~[play_2.10-2.4.6.jar:2.4.6]
	at play.api.libs.iteratee.Iteratee$$anonfun$mapM$1.apply(Iteratee.scala:524) ~[play-iteratees_2.10-2.4.6.jar:2.4.6]
	at play.api.libs.iteratee.Iteratee$$anonfun$mapM$1.apply(Iteratee.scala:524) ~[play-iteratees_2.10-2.4.6.jar:2.4.6]
	at play.api.libs.iteratee.Iteratee$$anonfun$flatMapM$1.apply(Iteratee.scala:560) ~[play-iteratees_2.10-2.4.6.jar:2.4.6]
	at play.api.libs.iteratee.Iteratee$$anonfun$flatMapM$1.apply(Iteratee.scala:560) ~[play-iteratees_2.10-2.4.6.jar:2.4.6]
	at play.api.libs.iteratee.Iteratee$$anonfun$flatMap$1$$anonfun$apply$14.apply(Iteratee.scala:537) ~[play-iteratees_2.10-2.4.6.jar:2.4.6]
	at play.api.libs.iteratee.Iteratee$$anonfun$flatMap$1$$anonfun$apply$14.apply(Iteratee.scala:537) ~[play-iteratees_2.10-2.4.6.jar:2.4.6]
	at scala.concurrent.impl.Future$PromiseCompletingRunnable.liftedTree1$1(Future.scala:24) [scala-library.jar:na]
	at scala.concurrent.impl.Future$PromiseCompletingRunnable.run(Future.scala:24) [scala-library.jar:na]
	... 6 common frames omitted
Caused by: java.lang.reflect.InvocationTargetException: null
	at sun.reflect.NativeMethodAccessorImpl.invoke0(Native Method) ~[na:1.8.0_101]
	at sun.reflect.NativeMethodAccessorImpl.invoke(NativeMethodAccessorImpl.java:62) ~[na:1.8.0_101]
	at sun.reflect.DelegatingMethodAccessorImpl.invoke(DelegatingMethodAccessorImpl.java:43) ~[na:1.8.0_101]
	at java.lang.reflect.Method.invoke(Method.java:498) ~[na:1.8.0_101]
	at play.data.Form.bind(Form.java:422) ~[play-java_2.10-2.4.6.jar:2.4.6]
	... 40 common frames omitted
Caused by: java.lang.NullPointerException: null
	at managers.SessionData.createFromUser(SessionData.java:30) ~[classes/:na]
	at controllers.helpers.AccessMiddleware.createUserSession(AccessMiddleware.java:112) ~[classes/:na]
	at controllers.Application$Login.validate(Application.java:213) ~[classes/:na]
	... 45 common frames omitted
2017-01-30 13:51:28,430 [WARN] from play in application-akka.actor.default-dispatcher-8 - You are using status code '200' with flashing, which should only be used with a redirect status!
2017-01-30 13:52:26,060 [INFO] from application in application-akka.actor.default-dispatcher-23 - Shutting down connection pool.
2017-01-30 13:52:26,223 [WARN] from application in application-akka.actor.default-dispatcher-23 - application.conf @ file:/C:/WebDev/workspace/RookieCards/target/scala-2.10/classes/application.conf: 35: user is deprecated, use username instead
2017-01-30 13:52:26,224 [INFO] from application in application-akka.actor.default-dispatcher-23 - Creating Pool for datasource 'default'
2017-01-30 13:52:26,234 [INFO] from play.api.db.DefaultDBApi in application-akka.actor.default-dispatcher-23 - Database [default] connected at jdbc:mysql://localhost/rookiecards?characterEncoding=UTF-8
2017-01-30 13:52:27,039 [INFO] from play.api.Play in application-akka.actor.default-dispatcher-23 - Application started (Dev)
2017-01-30 13:54:39,233 [ERROR] from application in New I/O worker #5 - 

! @72pjhb6c5 - Internal server error, for (GET) [/searchcards] ->
 
play.sbt.PlayExceptions$CompilationException: Compilation error[method render in class views.html.card.searchcards cannot be applied to given types;
  required: java.util.List<models.Card>,java.util.List<models.Lookup>,java.util.List<models.Team>,models.User
  found: java.util.List<models.Card>,java.util.List<models.Lookup>,java.util.List<models.Team>
  reason: actual and formal argument lists differ in length]
	at play.sbt.PlayExceptions$CompilationException$.apply(PlayExceptions.scala:27) ~[na:na]
	at play.sbt.PlayExceptions$CompilationException$.apply(PlayExceptions.scala:27) ~[na:na]
	at scala.Option.map(Option.scala:145) ~[scala-library.jar:na]
	at play.sbt.run.PlayReload$$anonfun$taskFailureHandler$1.apply(PlayReload.scala:49) ~[na:na]
	at play.sbt.run.PlayReload$$anonfun$taskFailureHandler$1.apply(PlayReload.scala:44) ~[na:na]
	at scala.Option.map(Option.scala:145) ~[scala-library.jar:na]
	at play.sbt.run.PlayReload$.taskFailureHandler(PlayReload.scala:44) ~[na:na]
	at play.sbt.run.PlayReload$.compileFailure(PlayReload.scala:40) ~[na:na]
	at play.sbt.run.PlayReload$$anonfun$compile$1.apply(PlayReload.scala:17) ~[na:na]
	at play.sbt.run.PlayReload$$anonfun$compile$1.apply(PlayReload.scala:17) ~[na:na]
	at scala.util.Either$LeftProjection.map(Either.scala:377) ~[scala-library.jar:na]
	at play.sbt.run.PlayReload$.compile(PlayReload.scala:17) ~[na:na]
	at play.sbt.run.PlayRun$$anonfun$playRunTask$1$$anonfun$apply$2$$anonfun$apply$3$$anonfun$2.apply(PlayRun.scala:61) ~[na:na]
	at play.sbt.run.PlayRun$$anonfun$playRunTask$1$$anonfun$apply$2$$anonfun$apply$3$$anonfun$2.apply(PlayRun.scala:61) ~[na:na]
	at play.runsupport.Reloader$$anonfun$reload$1.apply(Reloader.scala:323) ~[na:na]
	at play.runsupport.Reloader$$anon$3.run(Reloader.scala:43) ~[na:na]
	at java.security.AccessController.doPrivileged(Native Method) ~[na:1.8.0_101]
	at play.runsupport.Reloader$.play$runsupport$Reloader$$withReloaderContextClassLoader(Reloader.scala:39) ~[na:na]
	at play.runsupport.Reloader.reload(Reloader.scala:321) ~[na:na]
	at play.core.server.DevServerStart$$anonfun$mainDev$1$$anon$1$$anonfun$get$1.apply(DevServerStart.scala:113) ~[play-server_2.10-2.4.6.jar:2.4.6]
	at play.core.server.DevServerStart$$anonfun$mainDev$1$$anon$1$$anonfun$get$1.apply(DevServerStart.scala:111) ~[play-server_2.10-2.4.6.jar:2.4.6]
	at scala.concurrent.impl.Future$PromiseCompletingRunnable.liftedTree1$1(Future.scala:24) ~[scala-library.jar:na]
	at scala.concurrent.impl.Future$PromiseCompletingRunnable.run(Future.scala:24) ~[scala-library.jar:na]
	at akka.dispatch.TaskInvocation.run(AbstractDispatcher.scala:40) ~[akka-actor_2.10-2.3.13.jar:na]
	at akka.dispatch.ForkJoinExecutorConfigurator$AkkaForkJoinTask.exec(AbstractDispatcher.scala:397) ~[akka-actor_2.10-2.3.13.jar:na]
	at scala.concurrent.forkjoin.ForkJoinTask.doExec(ForkJoinTask.java:260) ~[scala-library.jar:na]
	at scala.concurrent.forkjoin.ForkJoinPool$WorkQueue.runTask(ForkJoinPool.java:1339) ~[scala-library.jar:na]
	at scala.concurrent.forkjoin.ForkJoinPool.runWorker(ForkJoinPool.java:1979) ~[scala-library.jar:na]
	at scala.concurrent.forkjoin.ForkJoinWorkerThread.run(ForkJoinWorkerThread.java:107) ~[scala-library.jar:na]
2017-01-30 13:56:20,083 [INFO] from application in application-akka.actor.default-dispatcher-5 - Shutting down connection pool.
2017-01-30 13:56:20,198 [WARN] from application in application-akka.actor.default-dispatcher-5 - application.conf @ file:/C:/WebDev/workspace/RookieCards/target/scala-2.10/classes/application.conf: 35: user is deprecated, use username instead
2017-01-30 13:56:20,199 [INFO] from application in application-akka.actor.default-dispatcher-5 - Creating Pool for datasource 'default'
2017-01-30 13:56:20,206 [INFO] from play.api.db.DefaultDBApi in application-akka.actor.default-dispatcher-5 - Database [default] connected at jdbc:mysql://localhost/rookiecards?characterEncoding=UTF-8
2017-01-30 13:56:21,145 [INFO] from play.api.Play in application-akka.actor.default-dispatcher-5 - Application started (Dev)
2017-01-30 13:56:21,207 [ERROR] from application in application-akka.actor.default-dispatcher-4 - 

! @72pjhh18a - Internal server error, for (GET) [/searchcards] ->
 
play.api.http.HttpErrorHandlerExceptions$$anon$1: Execution exception[[NullPointerException: null]]
	at play.api.http.HttpErrorHandlerExceptions$.throwableToUsefulException(HttpErrorHandler.scala:265) ~[play_2.10-2.4.6.jar:2.4.6]
	at play.api.http.DefaultHttpErrorHandler.onServerError(HttpErrorHandler.scala:191) ~[play_2.10-2.4.6.jar:2.4.6]
	at play.api.GlobalSettings$class.onError(GlobalSettings.scala:179) [play_2.10-2.4.6.jar:2.4.6]
	at play.api.DefaultGlobal$.onError(GlobalSettings.scala:212) [play_2.10-2.4.6.jar:2.4.6]
	at play.api.http.GlobalSettingsHttpErrorHandler.onServerError(HttpErrorHandler.scala:94) [play_2.10-2.4.6.jar:2.4.6]
	at play.core.server.netty.PlayDefaultUpstreamHandler$$anonfun$9$$anonfun$apply$1.applyOrElse(PlayDefaultUpstreamHandler.scala:151) [play-netty-server_2.10-2.4.6.jar:2.4.6]
	at play.core.server.netty.PlayDefaultUpstreamHandler$$anonfun$9$$anonfun$apply$1.applyOrElse(PlayDefaultUpstreamHandler.scala:148) [play-netty-server_2.10-2.4.6.jar:2.4.6]
	at scala.runtime.AbstractPartialFunction.apply(AbstractPartialFunction.scala:33) [scala-library.jar:na]
	at scala.util.Failure$$anonfun$recover$1.apply(Try.scala:185) [scala-library.jar:na]
	at scala.util.Try$.apply(Try.scala:161) [scala-library.jar:na]
	at scala.util.Failure.recover(Try.scala:185) [scala-library.jar:na]
	at scala.concurrent.Future$$anonfun$recover$1.apply(Future.scala:324) [scala-library.jar:na]
	at scala.concurrent.Future$$anonfun$recover$1.apply(Future.scala:324) [scala-library.jar:na]
	at scala.concurrent.impl.CallbackRunnable.run(Promise.scala:32) [scala-library.jar:na]
	at play.api.libs.iteratee.Execution$trampoline$.executeScheduled(Execution.scala:109) [play-iteratees_2.10-2.4.6.jar:2.4.6]
	at play.api.libs.iteratee.Execution$trampoline$.execute(Execution.scala:71) [play-iteratees_2.10-2.4.6.jar:2.4.6]
	at scala.concurrent.impl.CallbackRunnable.executeWithValue(Promise.scala:40) [scala-library.jar:na]
	at scala.concurrent.impl.Promise$DefaultPromise.tryComplete(Promise.scala:248) [scala-library.jar:na]
	at scala.concurrent.Promise$class.complete(Promise.scala:55) [scala-library.jar:na]
	at scala.concurrent.impl.Promise$DefaultPromise.complete(Promise.scala:153) [scala-library.jar:na]
	at scala.concurrent.impl.Future$PromiseCompletingRunnable.run(Future.scala:23) [scala-library.jar:na]
	at akka.dispatch.TaskInvocation.run(AbstractDispatcher.scala:40) [akka-actor_2.10-2.3.13.jar:na]
	at akka.dispatch.ForkJoinExecutorConfigurator$AkkaForkJoinTask.exec(AbstractDispatcher.scala:397) [akka-actor_2.10-2.3.13.jar:na]
	at scala.concurrent.forkjoin.ForkJoinTask.doExec(ForkJoinTask.java:260) [scala-library.jar:na]
	at scala.concurrent.forkjoin.ForkJoinPool$WorkQueue.runTask(ForkJoinPool.java:1339) [scala-library.jar:na]
	at scala.concurrent.forkjoin.ForkJoinPool.runWorker(ForkJoinPool.java:1979) [scala-library.jar:na]
	at scala.concurrent.forkjoin.ForkJoinWorkerThread.run(ForkJoinWorkerThread.java:107) [scala-library.jar:na]
Caused by: java.lang.NullPointerException: null
	at views.html.card.searchcards_Scope0$searchcards.apply(searchcards.template.scala:52) ~[classes/:na]
	at views.html.card.searchcards_Scope0$searchcards.render(searchcards.template.scala:125) ~[classes/:na]
	at views.html.card.searchcards.render(searchcards.template.scala) ~[classes/:na]
	at controllers.Application.searchCards(Application.java:1115) ~[classes/:2.4.6]
	at router.Routes$$anonfun$routes$1$$anonfun$applyOrElse$11$$anonfun$apply$11.apply(Routes.scala:1147) ~[classes/:na]
	at router.Routes$$anonfun$routes$1$$anonfun$applyOrElse$11$$anonfun$apply$11.apply(Routes.scala:1147) ~[classes/:na]
	at play.core.routing.HandlerInvokerFactory$$anon$4.resultCall(HandlerInvoker.scala:136) ~[play_2.10-2.4.6.jar:2.4.6]
	at play.core.routing.HandlerInvokerFactory$JavaActionInvokerFactory$$anon$14$$anon$3$$anon$1.invocation(HandlerInvoker.scala:127) ~[play_2.10-2.4.6.jar:2.4.6]
	at play.core.j.JavaAction$$anon$1.call(JavaAction.scala:70) ~[play_2.10-2.4.6.jar:2.4.6]
	at play.http.DefaultHttpRequestHandler$1.call(DefaultHttpRequestHandler.java:20) ~[play_2.10-2.4.6.jar:2.4.6]
	at play.core.j.JavaAction$$anonfun$7.apply(JavaAction.scala:94) ~[play_2.10-2.4.6.jar:2.4.6]
	at play.core.j.JavaAction$$anonfun$7.apply(JavaAction.scala:94) ~[play_2.10-2.4.6.jar:2.4.6]
	at scala.concurrent.impl.Future$PromiseCompletingRunnable.liftedTree1$1(Future.scala:24) [scala-library.jar:na]
	at scala.concurrent.impl.Future$PromiseCompletingRunnable.run(Future.scala:24) [scala-library.jar:na]
	at play.core.j.HttpExecutionContext$$anon$2.run(HttpExecutionContext.scala:40) ~[play_2.10-2.4.6.jar:2.4.6]
	at play.api.libs.iteratee.Execution$trampoline$.execute(Execution.scala:70) [play-iteratees_2.10-2.4.6.jar:2.4.6]
	at play.core.j.HttpExecutionContext.execute(HttpExecutionContext.scala:32) ~[play_2.10-2.4.6.jar:2.4.6]
	at scala.concurrent.impl.Future$.apply(Future.scala:31) ~[scala-library.jar:na]
	at scala.concurrent.Future$.apply(Future.scala:485) ~[scala-library.jar:na]
	at play.core.j.JavaAction.apply(JavaAction.scala:94) ~[play_2.10-2.4.6.jar:2.4.6]
	at play.api.mvc.Action$$anonfun$apply$1$$anonfun$apply$4$$anonfun$apply$5.apply(Action.scala:105) ~[play_2.10-2.4.6.jar:2.4.6]
	at play.api.mvc.Action$$anonfun$apply$1$$anonfun$apply$4$$anonfun$apply$5.apply(Action.scala:105) ~[play_2.10-2.4.6.jar:2.4.6]
	at play.utils.Threads$.withContextClassLoader(Threads.scala:21) ~[play_2.10-2.4.6.jar:2.4.6]
	at play.api.mvc.Action$$anonfun$apply$1$$anonfun$apply$4.apply(Action.scala:104) ~[play_2.10-2.4.6.jar:2.4.6]
	at play.api.mvc.Action$$anonfun$apply$1$$anonfun$apply$4.apply(Action.scala:103) ~[play_2.10-2.4.6.jar:2.4.6]
	at scala.Option.map(Option.scala:145) ~[scala-library.jar:na]
	at play.api.mvc.Action$$anonfun$apply$1.apply(Action.scala:103) ~[play_2.10-2.4.6.jar:2.4.6]
	at play.api.mvc.Action$$anonfun$apply$1.apply(Action.scala:96) ~[play_2.10-2.4.6.jar:2.4.6]
	at play.api.libs.iteratee.Iteratee$$anonfun$mapM$1.apply(Iteratee.scala:524) ~[play-iteratees_2.10-2.4.6.jar:2.4.6]
	at play.api.libs.iteratee.Iteratee$$anonfun$mapM$1.apply(Iteratee.scala:524) ~[play-iteratees_2.10-2.4.6.jar:2.4.6]
	at play.api.libs.iteratee.Iteratee$$anonfun$flatMapM$1.apply(Iteratee.scala:560) ~[play-iteratees_2.10-2.4.6.jar:2.4.6]
	at play.api.libs.iteratee.Iteratee$$anonfun$flatMapM$1.apply(Iteratee.scala:560) ~[play-iteratees_2.10-2.4.6.jar:2.4.6]
	at play.api.libs.iteratee.Iteratee$$anonfun$flatMap$1$$anonfun$apply$13.apply(Iteratee.scala:536) ~[play-iteratees_2.10-2.4.6.jar:2.4.6]
	at play.api.libs.iteratee.Iteratee$$anonfun$flatMap$1$$anonfun$apply$13.apply(Iteratee.scala:536) ~[play-iteratees_2.10-2.4.6.jar:2.4.6]
	at scala.concurrent.impl.Future$PromiseCompletingRunnable.liftedTree1$1(Future.scala:24) [scala-library.jar:na]
	at scala.concurrent.impl.Future$PromiseCompletingRunnable.run(Future.scala:24) [scala-library.jar:na]
	... 6 common frames omitted
2017-01-30 14:01:02,265 [INFO] from application in application-akka.actor.default-dispatcher-14 - Shutting down connection pool.
2017-01-30 14:01:02,453 [WARN] from application in application-akka.actor.default-dispatcher-14 - application.conf @ file:/C:/WebDev/workspace/RookieCards/target/scala-2.10/classes/application.conf: 35: user is deprecated, use username instead
2017-01-30 14:01:02,453 [INFO] from application in application-akka.actor.default-dispatcher-14 - Creating Pool for datasource 'default'
2017-01-30 14:01:02,462 [INFO] from play.api.db.DefaultDBApi in application-akka.actor.default-dispatcher-14 - Database [default] connected at jdbc:mysql://localhost/rookiecards?characterEncoding=UTF-8
2017-01-30 14:01:03,237 [INFO] from play.api.Play in application-akka.actor.default-dispatcher-14 - Application started (Dev)
2017-01-30 14:02:40,728 [INFO] from application in application-akka.actor.default-dispatcher-7 - Shutting down connection pool.
2017-01-30 14:02:40,832 [WARN] from application in application-akka.actor.default-dispatcher-7 - application.conf @ file:/C:/WebDev/workspace/RookieCards/target/scala-2.10/classes/application.conf: 35: user is deprecated, use username instead
2017-01-30 14:02:40,833 [INFO] from application in application-akka.actor.default-dispatcher-7 - Creating Pool for datasource 'default'
2017-01-30 14:02:40,839 [INFO] from play.api.db.DefaultDBApi in application-akka.actor.default-dispatcher-7 - Database [default] connected at jdbc:mysql://localhost/rookiecards?characterEncoding=UTF-8
2017-01-30 14:02:41,525 [INFO] from play.api.Play in application-akka.actor.default-dispatcher-7 - Application started (Dev)
2017-01-30 14:03:46,472 [INFO] from application in application-akka.actor.default-dispatcher-4 - Shutting down connection pool.
2017-01-30 14:03:46,556 [WARN] from application in application-akka.actor.default-dispatcher-4 - application.conf @ file:/C:/WebDev/workspace/RookieCards/target/scala-2.10/classes/application.conf: 35: user is deprecated, use username instead
2017-01-30 14:03:46,557 [INFO] from application in application-akka.actor.default-dispatcher-4 - Creating Pool for datasource 'default'
2017-01-30 14:03:46,567 [INFO] from play.api.db.DefaultDBApi in application-akka.actor.default-dispatcher-4 - Database [default] connected at jdbc:mysql://localhost/rookiecards?characterEncoding=UTF-8
2017-01-30 14:03:47,248 [INFO] from play.api.Play in application-akka.actor.default-dispatcher-4 - Application started (Dev)
2017-01-30 14:05:06,272 [INFO] from application in application-akka.actor.default-dispatcher-3 - Shutting down connection pool.
2017-01-30 14:05:06,382 [WARN] from application in application-akka.actor.default-dispatcher-3 - application.conf @ file:/C:/WebDev/workspace/RookieCards/target/scala-2.10/classes/application.conf: 35: user is deprecated, use username instead
2017-01-30 14:05:06,383 [INFO] from application in application-akka.actor.default-dispatcher-3 - Creating Pool for datasource 'default'
2017-01-30 14:05:06,393 [INFO] from play.api.db.DefaultDBApi in application-akka.actor.default-dispatcher-3 - Database [default] connected at jdbc:mysql://localhost/rookiecards?characterEncoding=UTF-8
2017-01-30 14:05:07,128 [INFO] from play.api.Play in application-akka.actor.default-dispatcher-3 - Application started (Dev)
2017-01-30 14:08:15,864 [INFO] from application in application-akka.actor.default-dispatcher-7 - Shutting down connection pool.
2017-01-30 14:08:15,932 [WARN] from application in application-akka.actor.default-dispatcher-7 - application.conf @ file:/C:/WebDev/workspace/RookieCards/target/scala-2.10/classes/application.conf: 35: user is deprecated, use username instead
2017-01-30 14:08:15,932 [INFO] from application in application-akka.actor.default-dispatcher-7 - Creating Pool for datasource 'default'
2017-01-30 14:08:15,939 [INFO] from play.api.db.DefaultDBApi in application-akka.actor.default-dispatcher-7 - Database [default] connected at jdbc:mysql://localhost/rookiecards?characterEncoding=UTF-8
2017-01-30 14:08:16,591 [INFO] from play.api.Play in application-akka.actor.default-dispatcher-7 - Application started (Dev)
2017-01-30 14:09:47,600 [INFO] from application in application-akka.actor.default-dispatcher-4 - Shutting down connection pool.
2017-01-30 14:09:47,688 [WARN] from application in application-akka.actor.default-dispatcher-4 - application.conf @ file:/C:/WebDev/workspace/RookieCards/target/scala-2.10/classes/application.conf: 35: user is deprecated, use username instead
2017-01-30 14:09:47,692 [INFO] from application in application-akka.actor.default-dispatcher-4 - Creating Pool for datasource 'default'
2017-01-30 14:09:47,703 [INFO] from play.api.db.DefaultDBApi in application-akka.actor.default-dispatcher-4 - Database [default] connected at jdbc:mysql://localhost/rookiecards?characterEncoding=UTF-8
2017-01-30 14:09:48,379 [INFO] from play.api.Play in application-akka.actor.default-dispatcher-4 - Application started (Dev)
2017-01-30 14:10:23,543 [INFO] from application in application-akka.actor.default-dispatcher-9 - Shutting down connection pool.
2017-01-30 14:10:23,636 [WARN] from application in application-akka.actor.default-dispatcher-9 - application.conf @ file:/C:/WebDev/workspace/RookieCards/target/scala-2.10/classes/application.conf: 35: user is deprecated, use username instead
2017-01-30 14:10:23,646 [INFO] from application in application-akka.actor.default-dispatcher-9 - Creating Pool for datasource 'default'
2017-01-30 14:10:23,658 [INFO] from play.api.db.DefaultDBApi in application-akka.actor.default-dispatcher-9 - Database [default] connected at jdbc:mysql://localhost/rookiecards?characterEncoding=UTF-8
2017-01-30 14:10:24,357 [INFO] from play.api.Play in application-akka.actor.default-dispatcher-9 - Application started (Dev)
2017-01-30 14:12:36,616 [INFO] from application in application-akka.actor.default-dispatcher-6 - Shutting down connection pool.
2017-01-30 14:12:36,687 [WARN] from application in application-akka.actor.default-dispatcher-6 - application.conf @ file:/C:/WebDev/workspace/RookieCards/target/scala-2.10/classes/application.conf: 35: user is deprecated, use username instead
2017-01-30 14:12:36,687 [INFO] from application in application-akka.actor.default-dispatcher-6 - Creating Pool for datasource 'default'
2017-01-30 14:12:36,694 [INFO] from play.api.db.DefaultDBApi in application-akka.actor.default-dispatcher-6 - Database [default] connected at jdbc:mysql://localhost/rookiecards?characterEncoding=UTF-8
2017-01-30 14:12:37,346 [INFO] from play.api.Play in application-akka.actor.default-dispatcher-6 - Application started (Dev)
2017-01-30 14:13:31,147 [INFO] from application in application-akka.actor.default-dispatcher-5 - Shutting down connection pool.
2017-01-30 14:13:31,229 [WARN] from application in application-akka.actor.default-dispatcher-5 - application.conf @ file:/C:/WebDev/workspace/RookieCards/target/scala-2.10/classes/application.conf: 35: user is deprecated, use username instead
2017-01-30 14:13:31,229 [INFO] from application in application-akka.actor.default-dispatcher-5 - Creating Pool for datasource 'default'
2017-01-30 14:13:31,234 [INFO] from play.api.db.DefaultDBApi in application-akka.actor.default-dispatcher-5 - Database [default] connected at jdbc:mysql://localhost/rookiecards?characterEncoding=UTF-8
2017-01-30 14:13:31,909 [INFO] from play.api.Play in application-akka.actor.default-dispatcher-5 - Application started (Dev)
2017-01-30 14:14:55,854 [INFO] from application in application-akka.actor.default-dispatcher-7 - Shutting down connection pool.
2017-01-30 14:14:55,917 [WARN] from application in application-akka.actor.default-dispatcher-7 - application.conf @ file:/C:/WebDev/workspace/RookieCards/target/scala-2.10/classes/application.conf: 35: user is deprecated, use username instead
2017-01-30 14:14:55,918 [INFO] from application in application-akka.actor.default-dispatcher-7 - Creating Pool for datasource 'default'
2017-01-30 14:14:55,925 [INFO] from play.api.db.DefaultDBApi in application-akka.actor.default-dispatcher-7 - Database [default] connected at jdbc:mysql://localhost/rookiecards?characterEncoding=UTF-8
2017-01-30 14:14:56,578 [INFO] from play.api.Play in application-akka.actor.default-dispatcher-7 - Application started (Dev)
2017-01-30 14:15:58,794 [INFO] from application in application-akka.actor.default-dispatcher-9 - Shutting down connection pool.
2017-01-30 14:15:58,855 [WARN] from application in application-akka.actor.default-dispatcher-9 - application.conf @ file:/C:/WebDev/workspace/RookieCards/target/scala-2.10/classes/application.conf: 35: user is deprecated, use username instead
2017-01-30 14:15:58,855 [INFO] from application in application-akka.actor.default-dispatcher-9 - Creating Pool for datasource 'default'
2017-01-30 14:15:58,861 [INFO] from play.api.db.DefaultDBApi in application-akka.actor.default-dispatcher-9 - Database [default] connected at jdbc:mysql://localhost/rookiecards?characterEncoding=UTF-8
2017-01-30 14:15:59,684 [INFO] from play.api.Play in application-akka.actor.default-dispatcher-9 - Application started (Dev)
2017-01-30 14:18:34,312 [INFO] from application in application-akka.actor.default-dispatcher-8 - Shutting down connection pool.
2017-01-30 14:18:34,385 [WARN] from application in application-akka.actor.default-dispatcher-8 - application.conf @ file:/C:/WebDev/workspace/RookieCards/target/scala-2.10/classes/application.conf: 35: user is deprecated, use username instead
2017-01-30 14:18:34,386 [INFO] from application in application-akka.actor.default-dispatcher-8 - Creating Pool for datasource 'default'
2017-01-30 14:18:34,396 [INFO] from play.api.db.DefaultDBApi in application-akka.actor.default-dispatcher-8 - Database [default] connected at jdbc:mysql://localhost/rookiecards?characterEncoding=UTF-8
2017-01-30 14:18:35,095 [INFO] from play.api.Play in application-akka.actor.default-dispatcher-8 - Application started (Dev)
2017-01-30 14:19:35,713 [INFO] from application in application-akka.actor.default-dispatcher-17 - Shutting down connection pool.
2017-01-30 14:19:35,858 [WARN] from application in application-akka.actor.default-dispatcher-17 - application.conf @ file:/C:/WebDev/workspace/RookieCards/target/scala-2.10/classes/application.conf: 35: user is deprecated, use username instead
2017-01-30 14:19:35,858 [INFO] from application in application-akka.actor.default-dispatcher-17 - Creating Pool for datasource 'default'
2017-01-30 14:19:35,864 [INFO] from play.api.db.DefaultDBApi in application-akka.actor.default-dispatcher-17 - Database [default] connected at jdbc:mysql://localhost/rookiecards?characterEncoding=UTF-8
2017-01-30 14:19:36,497 [INFO] from play.api.Play in application-akka.actor.default-dispatcher-17 - Application started (Dev)
2017-01-30 15:17:54,000 [INFO] from application in application-akka.actor.default-dispatcher-17 - Shutting down connection pool.
2017-01-30 15:17:54,067 [WARN] from application in application-akka.actor.default-dispatcher-17 - application.conf @ file:/C:/WebDev/workspace/RookieCards/target/scala-2.10/classes/application.conf: 35: user is deprecated, use username instead
2017-01-30 15:17:54,067 [INFO] from application in application-akka.actor.default-dispatcher-17 - Creating Pool for datasource 'default'
2017-01-30 15:17:54,072 [INFO] from play.api.db.DefaultDBApi in application-akka.actor.default-dispatcher-17 - Database [default] connected at jdbc:mysql://localhost/rookiecards?characterEncoding=UTF-8
2017-01-30 15:17:54,720 [INFO] from play.api.Play in application-akka.actor.default-dispatcher-17 - Application started (Dev)
